11:11:40,948 INFO  [org.springframework.extensions.webscripts.TemplateProcessorRegistry] [localhost-startStop-1] Registered template processor freemarker for extension ftl
11:11:40,955 INFO  [org.springframework.extensions.webscripts.ScriptProcessorRegistry] [localhost-startStop-1] Registered script processor javascript for extension js
11:11:40,956 INFO  [org.springframework.extensions.webscripts.TemplateProcessorRegistry] [localhost-startStop-1] Registered template processor freemarker for extension ftl
11:11:40,958 INFO  [org.springframework.extensions.webscripts.ScriptProcessorRegistry] [localhost-startStop-1] Registered script processor javascript for extension js
11:11:43,755 INFO  [org.springframework.extensions.webscripts.DeclarativeRegistry] [localhost-startStop-1] Registered 368 Web Scripts (+0 failed), 382 URLs
11:11:43,755 INFO  [org.springframework.extensions.webscripts.DeclarativeRegistry] [localhost-startStop-1] Registered 8 Package Description Documents (+0 failed) 
11:11:43,755 INFO  [org.springframework.extensions.webscripts.DeclarativeRegistry] [localhost-startStop-1] Registered 0 Schema Description Documents (+0 failed) 
11:11:44,031 INFO  [org.springframework.extensions.webscripts.AbstractRuntimeContainer] [localhost-startStop-1] Initialised Spring Surf Container Web Script Container (in 3064.767ms)
11:11:44,035 INFO  [org.springframework.extensions.webscripts.TemplateProcessorRegistry] [localhost-startStop-1] Registered template processor freemarker for extension ftl
11:11:44,038 INFO  [org.springframework.extensions.webscripts.ScriptProcessorRegistry] [localhost-startStop-1] Registered script processor javascript for extension js
11:15:30,144 INFO  [org.alfresco.web.site.EditionInterceptor] [http-bio-8081-exec-3] Successfully retrieved license information from Alfresco.
11:15:37,780 INFO  [org.alfresco.web.scripts.ImapServerStatus] [http-bio-8081-exec-9] Successfully retrieved IMAP server status from Alfresco: disabled
11:16:30,253 INFO  [org.alfresco.web.scripts.DictionaryQuery] [http-bio-8081-exec-7] Successfully retrieved Data Dictionary from Alfresco.
11:16:52,801 INFO  [org.alfresco.web.scripts.QuickShareStatus] [http-bio-8081-exec-10] Successfully retrieved quick share information from Alfresco.
11:16:52,833 INFO  [org.alfresco.web.scripts.MimetypesQuery] [http-bio-8081-exec-10] Successfully retrieved mimetypes information from Alfresco.
11:21:45,691 INFO  [org.springframework.extensions.webscripts.TemplateProcessorRegistry] [localhost-startStop-1] Registered template processor freemarker for extension ftl
11:21:45,696 INFO  [org.springframework.extensions.webscripts.ScriptProcessorRegistry] [localhost-startStop-1] Registered script processor javascript for extension js
11:21:45,697 INFO  [org.springframework.extensions.webscripts.TemplateProcessorRegistry] [localhost-startStop-1] Registered template processor freemarker for extension ftl
11:21:45,699 INFO  [org.springframework.extensions.webscripts.ScriptProcessorRegistry] [localhost-startStop-1] Registered script processor javascript for extension js
11:21:47,389 INFO  [org.springframework.extensions.webscripts.DeclarativeRegistry] [localhost-startStop-1] Registered 368 Web Scripts (+0 failed), 382 URLs
11:21:47,389 INFO  [org.springframework.extensions.webscripts.DeclarativeRegistry] [localhost-startStop-1] Registered 8 Package Description Documents (+0 failed) 
11:21:47,389 INFO  [org.springframework.extensions.webscripts.DeclarativeRegistry] [localhost-startStop-1] Registered 0 Schema Description Documents (+0 failed) 
11:21:47,568 INFO  [org.springframework.extensions.webscripts.AbstractRuntimeContainer] [localhost-startStop-1] Initialised Spring Surf Container Web Script Container (in 1861.872ms)
11:21:47,570 INFO  [org.springframework.extensions.webscripts.TemplateProcessorRegistry] [localhost-startStop-1] Registered template processor freemarker for extension ftl
11:21:47,572 INFO  [org.springframework.extensions.webscripts.ScriptProcessorRegistry] [localhost-startStop-1] Registered script processor javascript for extension js
11:22:04,118 INFO  [org.alfresco.web.site.EditionInterceptor] [http-bio-8081-exec-1] Successfully retrieved license information from Alfresco.
11:22:13,646 INFO  [org.alfresco.web.scripts.DictionaryQuery] [http-bio-8081-exec-4] Successfully retrieved Data Dictionary from Alfresco.
